<?xml version="1.0" encoding="UTF-8"?>
<!-- Generated by org.testng.reporters.JUnitReportReporter -->
<testsuite hostname="ICPL11505" name="com.selendroid.org.Operations" tests="1" failures="0" timestamp="25 Nov 2016 11:23:05 GMT" time="46.343" errors="0">
  <testcase name="doOperations" time="46.343" classname="com.selendroid.org.Operations"/>
</testsuite> <!-- com.selendroid.org.Operations -->
