<?xml version="1.0" encoding="UTF-8"?>
<!-- Generated by org.testng.reporters.JUnitReportReporter -->
<testsuite hostname="ICPL11505" name="com.selendroid.org.TestRunnerPage" tests="1" failures="0" timestamp="25 Nov 2016 11:56:42 GMT" time="85.569" errors="0">
  <testcase name="doOperations" time="85.569" classname="com.selendroid.org.TestRunnerPage"/>
</testsuite> <!-- com.selendroid.org.TestRunnerPage -->
