<?xml version="1.0" encoding="UTF-8"?>
<!-- Generated by org.testng.reporters.JUnitReportReporter -->
<testsuite skipped="0" hostname="ICPL11505" name="com.jenkins.demo.DemoClass1" tests="1" failures="0" timestamp="22 Nov 2016 10:43:06 GMT" time="6.141" errors="0">
  <testcase name="jenkins" time="6.141" classname="com.jenkins.demo.DemoClass1"/>
</testsuite> <!-- com.jenkins.demo.DemoClass1 -->
